<?xml version="1.0" encoding="UTF-8"?>
<!-- Generated by org.testng.reporters.JUnitReportReporter -->
<testsuite hostname="Nikhil-PC" name="demo.testJenkins" tests="1" failures="0" timestamp="8 Dec 2015 13:15:36 GMT" time="14.039" errors="0">
  <testcase name="denojenkinsjobs" time="14.039" classname="demo.testJenkins"/>
</testsuite> <!-- demo.testJenkins -->
