<?xml version="1.0" encoding="UTF-8"?>
<!-- Generated by org.testng.reporters.JUnitReportReporter -->
<testsuite hostname="Nikhil-PC" name="demo.testJenkins" tests="1" failures="0" timestamp="8 Dec 2015 12:59:27 GMT" time="24.277" errors="0">
  <testcase name="denojenkinsjobs" time="24.277" classname="demo.testJenkins"/>
</testsuite> <!-- demo.testJenkins -->
